<?xml version="1.0" encoding="UTF-8"?>
<!-- Generated by org.testng.reporters.JUnitReportReporter -->
<testsuite skipped="0" hostname="DESKTOP-LRH6MPE" name="scripts.TestA" tests="1" failures="0" timestamp="14 May 2021 15:06:38 GMT" time="10.485" errors="0">
  <testcase name="testA" time="10.485" classname="scripts.TestA"/>
</testsuite> <!-- scripts.TestA -->
