<?xml version="1.0" encoding="UTF-8"?>
<!-- Generated by org.testng.reporters.JUnitReportReporter -->
<testsuite skipped="0" hostname="DESKTOP-LRH6MPE" name="scripts.ValidLogin" tests="1" failures="0" timestamp="15 May 2021 14:26:37 GMT" time="19.242" errors="0">
  <testcase name="testValidLogin" time="19.242" classname="scripts.ValidLogin"/>
</testsuite> <!-- scripts.ValidLogin -->
