<?xml version="1.0" encoding="UTF-8"?>
<!-- Generated by org.testng.reporters.JUnitReportReporter -->
<testsuite skipped="0" hostname="DESKTOP-LRH6MPE" name="scripts.TestA" tests="1" failures="0" timestamp="15 May 2021 14:12:26 GMT" time="17.001" errors="0">
  <testcase name="testA" time="17.001" classname="scripts.TestA"/>
</testsuite> <!-- scripts.TestA -->
