<?xml version="1.0" encoding="UTF-8"?>
<!-- Generated by org.testng.reporters.JUnitReportReporter -->
<testsuite skipped="0" hostname="DESKTOP-LRH6MPE" name="scripts.InvalidLogin" tests="1" failures="0" timestamp="15 May 2021 15:06:44 GMT" time="17.878" errors="0">
  <testcase name="testInvalidLogin" time="17.878" classname="scripts.InvalidLogin"/>
</testsuite> <!-- scripts.InvalidLogin -->
